Pakopac upload a file 
Pakopac go to home 
Pakopac go to home 
Pakopac logged out 
User not logged in go to home
User not logged in go to login
User not logged in go to login
User failed to connect
User not logged in go to login
User failed to connect
User not logged in go to login
User not logged in go to login
User failed to connect
User not logged in go to login
User failed to connect
User not logged in go to login
User failed to connect
User not logged in go to login
User failed to connect
User not logged in go to login
User failed to connect
User not logged in go to login
User failed to connect
User not logged in go to login
User failed to connect
User not logged in go to login
User failed to connect
User not logged in go to login
User failed to connect
User not logged in go to login
User failed to connect
User not logged in go to login
User failed to connect
User not logged in go to login
User failed to connect
User not logged in go to login
User not logged in go to login
User not logged in go to login
User failed to connect
User not logged in go to login
User failed to connect
User not logged in go to login
User failed to connect
User not logged in go to login
User failed to connect
User not logged in go to login
User failed to connect
User not logged in go to login
User failed to connect
User not logged in go to home
User not logged in go to login
User not logged in go to home
User not logged in go to login
User not logged in go to login
User not logged in go to home
User not logged in go to login
User not logged in go to home
User not logged in go to register 
User not logged in go to login
User not logged in go to login
Pakopac logged in
Pakopac go to home 
Pakopac go to home 
Pakopac go to home 
Pakopac logged out 
User not logged in go to home
User not logged in go to login
User not logged in go to register 
User not logged in go to login
User not logged in go to login
Pakopac logged in
Pakopac go to home 
Pakopac go to home 
Pakopac logged out 
User not logged in go to home
User not logged in go to register 
User not logged in go to register 
User not logged in go to login
User not logged in go to register 
User not logged in go to home
User not logged in go to login
User not logged in go to login
Pakopac logged in
Pakopac go to home 
